  Studio11.cpp
H:\332_Local_Repo\332_studios\Studio11\Studio11\Studio11\Studio11.cpp(32,20): warning C4018:  '<': signed/unsigned mismatch
C:\Program Files (x86)\Microsoft Visual Studio\2019\Enterprise\VC\Tools\MSVC\14.22.27905\include\xutility(1768,1): error C2679:  binary '=': no operator found which takes a right-hand operand of type 'Student' (or there is no acceptable conversion)
C:\Program Files (x86)\Microsoft Visual Studio\2019\Enterprise\VC\Tools\MSVC\14.22.27905\include\iterator(232,1): message :  could be 'std::ostream_iterator<char,char,std::char_traits<char>> &std::ostream_iterator<char,char,std::char_traits<char>>::operator =(std::ostream_iterator<char,char,std::char_traits<char>> &&)'
C:\Program Files (x86)\Microsoft Visual Studio\2019\Enterprise\VC\Tools\MSVC\14.22.27905\include\iterator(232,1): message :  or       'std::ostream_iterator<char,char,std::char_traits<char>> &std::ostream_iterator<char,char,std::char_traits<char>>::operator =(const std::ostream_iterator<char,char,std::char_traits<char>> &)'
C:\Program Files (x86)\Microsoft Visual Studio\2019\Enterprise\VC\Tools\MSVC\14.22.27905\include\iterator(208,23): message :  or       'std::ostream_iterator<char,char,std::char_traits<char>> &std::ostream_iterator<char,char,std::char_traits<char>>::operator =(const _Ty &)'
C:\Program Files (x86)\Microsoft Visual Studio\2019\Enterprise\VC\Tools\MSVC\14.22.27905\include\iterator(208,23): message :         with
C:\Program Files (x86)\Microsoft Visual Studio\2019\Enterprise\VC\Tools\MSVC\14.22.27905\include\iterator(208,23): message :         [
C:\Program Files (x86)\Microsoft Visual Studio\2019\Enterprise\VC\Tools\MSVC\14.22.27905\include\iterator(208,23): message :             _Ty=char
C:\Program Files (x86)\Microsoft Visual Studio\2019\Enterprise\VC\Tools\MSVC\14.22.27905\include\iterator(208,23): message :         ]
C:\Program Files (x86)\Microsoft Visual Studio\2019\Enterprise\VC\Tools\MSVC\14.22.27905\include\xutility(1768,1): message :  while trying to match the argument list '(std::ostream_iterator<char,char,std::char_traits<char>>, Student)'
C:\Program Files (x86)\Microsoft Visual Studio\2019\Enterprise\VC\Tools\MSVC\14.22.27905\include\xutility(1805): message :  see reference to function template instantiation '_OutIt std::_Copy_unchecked<Student*,_Iter>(_InIt,_InIt,_OutIt)' being compiled
C:\Program Files (x86)\Microsoft Visual Studio\2019\Enterprise\VC\Tools\MSVC\14.22.27905\include\xutility(1805): message :         with
C:\Program Files (x86)\Microsoft Visual Studio\2019\Enterprise\VC\Tools\MSVC\14.22.27905\include\xutility(1805): message :         [
C:\Program Files (x86)\Microsoft Visual Studio\2019\Enterprise\VC\Tools\MSVC\14.22.27905\include\xutility(1805): message :             _OutIt=std::ostream_iterator<char,char,std::char_traits<char>>,
C:\Program Files (x86)\Microsoft Visual Studio\2019\Enterprise\VC\Tools\MSVC\14.22.27905\include\xutility(1805): message :             _Iter=std::ostream_iterator<char,char,std::char_traits<char>>,
C:\Program Files (x86)\Microsoft Visual Studio\2019\Enterprise\VC\Tools\MSVC\14.22.27905\include\xutility(1805): message :             _InIt=Student *
C:\Program Files (x86)\Microsoft Visual Studio\2019\Enterprise\VC\Tools\MSVC\14.22.27905\include\xutility(1805): message :         ]
H:\332_Local_Repo\332_studios\Studio11\Studio11\Studio11\Studio11.cpp(33): message :  see reference to function template instantiation '_OutIt std::copy<std::_Vector_iterator<std::_Vector_val<std::_Simple_types<_Ty>>>,std::ostream_iterator<char,char,std::char_traits<char>>>(_InIt,_InIt,_OutIt)' being compiled
H:\332_Local_Repo\332_studios\Studio11\Studio11\Studio11\Studio11.cpp(33): message :         with
H:\332_Local_Repo\332_studios\Studio11\Studio11\Studio11\Studio11.cpp(33): message :         [
H:\332_Local_Repo\332_studios\Studio11\Studio11\Studio11\Studio11.cpp(33): message :             _OutIt=std::ostream_iterator<char,char,std::char_traits<char>>,
H:\332_Local_Repo\332_studios\Studio11\Studio11\Studio11\Studio11.cpp(33): message :             _Ty=Student,
H:\332_Local_Repo\332_studios\Studio11\Studio11\Studio11\Studio11.cpp(33): message :             _InIt=std::_Vector_iterator<std::_Vector_val<std::_Simple_types<Student>>>
H:\332_Local_Repo\332_studios\Studio11\Studio11\Studio11\Studio11.cpp(33): message :         ]
